Start testing: Jun 01 22:26 -03
----------------------------------------------------------
1/17 Testing: LayerTest.FeedForward
1/17 Test: LayerTest.FeedForward
Command: "/home/brabo/Projetos/neural-network-cpp/bin/NeuralNetworkCppTest" "--gtest_filter=LayerTest.FeedForward"
Directory: /home/brabo/Projetos/neural-network-cpp
"LayerTest.FeedForward" start time: Jun 01 22:26 -03
Output:
----------------------------------------------------------
Note: Google Test filter = LayerTest.FeedForward
[==========] Running 0 tests from 0 test suites.
[==========] 0 tests from 0 test suites ran. (0 ms total)
[  PASSED  ] 0 tests.
<end of output>
Test time =   0.00 sec
----------------------------------------------------------
Test Passed.
"LayerTest.FeedForward" end time: Jun 01 22:26 -03
"LayerTest.FeedForward" time elapsed: 00:00:00
----------------------------------------------------------

2/17 Testing: LayerTest.AdjustWeights
2/17 Test: LayerTest.AdjustWeights
Command: "/home/brabo/Projetos/neural-network-cpp/bin/NeuralNetworkCppTest" "--gtest_filter=LayerTest.AdjustWeights"
Directory: /home/brabo/Projetos/neural-network-cpp
"LayerTest.AdjustWeights" start time: Jun 01 22:26 -03
Output:
----------------------------------------------------------
Note: Google Test filter = LayerTest.AdjustWeights
[==========] Running 0 tests from 0 test suites.
[==========] 0 tests from 0 test suites ran. (0 ms total)
[  PASSED  ] 0 tests.
<end of output>
Test time =   0.00 sec
----------------------------------------------------------
Test Passed.
"LayerTest.AdjustWeights" end time: Jun 01 22:26 -03
"LayerTest.AdjustWeights" time elapsed: 00:00:00
----------------------------------------------------------

3/17 Testing: LayerTest.ActivationFunction
3/17 Test: LayerTest.ActivationFunction
Command: "/home/brabo/Projetos/neural-network-cpp/bin/NeuralNetworkCppTest" "--gtest_filter=LayerTest.ActivationFunction"
Directory: /home/brabo/Projetos/neural-network-cpp
"LayerTest.ActivationFunction" start time: Jun 01 22:26 -03
Output:
----------------------------------------------------------
Note: Google Test filter = LayerTest.ActivationFunction
[==========] Running 0 tests from 0 test suites.
[==========] 0 tests from 0 test suites ran. (0 ms total)
[  PASSED  ] 0 tests.
<end of output>
Test time =   0.00 sec
----------------------------------------------------------
Test Passed.
"LayerTest.ActivationFunction" end time: Jun 01 22:26 -03
"LayerTest.ActivationFunction" time elapsed: 00:00:00
----------------------------------------------------------

4/17 Testing: LayerTest.ActivationDerivativeFunction
4/17 Test: LayerTest.ActivationDerivativeFunction
Command: "/home/brabo/Projetos/neural-network-cpp/bin/NeuralNetworkCppTest" "--gtest_filter=LayerTest.ActivationDerivativeFunction"
Directory: /home/brabo/Projetos/neural-network-cpp
"LayerTest.ActivationDerivativeFunction" start time: Jun 01 22:26 -03
Output:
----------------------------------------------------------
Note: Google Test filter = LayerTest.ActivationDerivativeFunction
[==========] Running 0 tests from 0 test suites.
[==========] 0 tests from 0 test suites ran. (0 ms total)
[  PASSED  ] 0 tests.
<end of output>
Test time =   0.00 sec
----------------------------------------------------------
Test Passed.
"LayerTest.ActivationDerivativeFunction" end time: Jun 01 22:26 -03
"LayerTest.ActivationDerivativeFunction" time elapsed: 00:00:00
----------------------------------------------------------

5/17 Testing: LayerTest.GetOutputs
5/17 Test: LayerTest.GetOutputs
Command: "/home/brabo/Projetos/neural-network-cpp/bin/NeuralNetworkCppTest" "--gtest_filter=LayerTest.GetOutputs"
Directory: /home/brabo/Projetos/neural-network-cpp
"LayerTest.GetOutputs" start time: Jun 01 22:26 -03
Output:
----------------------------------------------------------
Note: Google Test filter = LayerTest.GetOutputs
[==========] Running 0 tests from 0 test suites.
[==========] 0 tests from 0 test suites ran. (0 ms total)
[  PASSED  ] 0 tests.
<end of output>
Test time =   0.00 sec
----------------------------------------------------------
Test Passed.
"LayerTest.GetOutputs" end time: Jun 01 22:26 -03
"LayerTest.GetOutputs" time elapsed: 00:00:00
----------------------------------------------------------

6/17 Testing: LayerTest.GetLossFunction
6/17 Test: LayerTest.GetLossFunction
Command: "/home/brabo/Projetos/neural-network-cpp/bin/NeuralNetworkCppTest" "--gtest_filter=LayerTest.GetLossFunction"
Directory: /home/brabo/Projetos/neural-network-cpp
"LayerTest.GetLossFunction" start time: Jun 01 22:26 -03
Output:
----------------------------------------------------------
Note: Google Test filter = LayerTest.GetLossFunction
[==========] Running 0 tests from 0 test suites.
[==========] 0 tests from 0 test suites ran. (0 ms total)
[  PASSED  ] 0 tests.
<end of output>
Test time =   0.00 sec
----------------------------------------------------------
Test Passed.
"LayerTest.GetLossFunction" end time: Jun 01 22:26 -03
"LayerTest.GetLossFunction" time elapsed: 00:00:00
----------------------------------------------------------

7/17 Testing: LayerTest.GetOutputSize
7/17 Test: LayerTest.GetOutputSize
Command: "/home/brabo/Projetos/neural-network-cpp/bin/NeuralNetworkCppTest" "--gtest_filter=LayerTest.GetOutputSize"
Directory: /home/brabo/Projetos/neural-network-cpp
"LayerTest.GetOutputSize" start time: Jun 01 22:26 -03
Output:
----------------------------------------------------------
Note: Google Test filter = LayerTest.GetOutputSize
[==========] Running 0 tests from 0 test suites.
[==========] 0 tests from 0 test suites ran. (0 ms total)
[  PASSED  ] 0 tests.
<end of output>
Test time =   0.00 sec
----------------------------------------------------------
Test Passed.
"LayerTest.GetOutputSize" end time: Jun 01 22:26 -03
"LayerTest.GetOutputSize" time elapsed: 00:00:00
----------------------------------------------------------

8/17 Testing: LayerTest.GetInputSize
8/17 Test: LayerTest.GetInputSize
Command: "/home/brabo/Projetos/neural-network-cpp/bin/NeuralNetworkCppTest" "--gtest_filter=LayerTest.GetInputSize"
Directory: /home/brabo/Projetos/neural-network-cpp
"LayerTest.GetInputSize" start time: Jun 01 22:26 -03
Output:
----------------------------------------------------------
Note: Google Test filter = LayerTest.GetInputSize
[==========] Running 0 tests from 0 test suites.
[==========] 0 tests from 0 test suites ran. (0 ms total)
[  PASSED  ] 0 tests.
<end of output>
Test time =   0.00 sec
----------------------------------------------------------
Test Passed.
"LayerTest.GetInputSize" end time: Jun 01 22:26 -03
"LayerTest.GetInputSize" time elapsed: 00:00:00
----------------------------------------------------------

9/17 Testing: LayerTest.WithSoftmax
9/17 Test: LayerTest.WithSoftmax
Command: "/home/brabo/Projetos/neural-network-cpp/bin/NeuralNetworkCppTest" "--gtest_filter=LayerTest.WithSoftmax"
Directory: /home/brabo/Projetos/neural-network-cpp
"LayerTest.WithSoftmax" start time: Jun 01 22:26 -03
Output:
----------------------------------------------------------
Note: Google Test filter = LayerTest.WithSoftmax
[==========] Running 0 tests from 0 test suites.
[==========] 0 tests from 0 test suites ran. (0 ms total)
[  PASSED  ] 0 tests.
<end of output>
Test time =   0.00 sec
----------------------------------------------------------
Test Passed.
"LayerTest.WithSoftmax" end time: Jun 01 22:26 -03
"LayerTest.WithSoftmax" time elapsed: 00:00:00
----------------------------------------------------------

10/17 Testing: NetworkTest.Predict
10/17 Test: NetworkTest.Predict
Command: "/home/brabo/Projetos/neural-network-cpp/bin/NeuralNetworkCppTest" "--gtest_filter=NetworkTest.Predict"
Directory: /home/brabo/Projetos/neural-network-cpp
"NetworkTest.Predict" start time: Jun 01 22:26 -03
Output:
----------------------------------------------------------
Note: Google Test filter = NetworkTest.Predict
[==========] Running 0 tests from 0 test suites.
[==========] 0 tests from 0 test suites ran. (0 ms total)
[  PASSED  ] 0 tests.
<end of output>
Test time =   0.00 sec
----------------------------------------------------------
Test Passed.
"NetworkTest.Predict" end time: Jun 01 22:26 -03
"NetworkTest.Predict" time elapsed: 00:00:00
----------------------------------------------------------

11/17 Testing: NetworkTest.Validate
11/17 Test: NetworkTest.Validate
Command: "/home/brabo/Projetos/neural-network-cpp/bin/NeuralNetworkCppTest" "--gtest_filter=NetworkTest.Validate"
Directory: /home/brabo/Projetos/neural-network-cpp
"NetworkTest.Validate" start time: Jun 01 22:26 -03
Output:
----------------------------------------------------------
Note: Google Test filter = NetworkTest.Validate
[==========] Running 0 tests from 0 test suites.
[==========] 0 tests from 0 test suites ran. (0 ms total)
[  PASSED  ] 0 tests.
<end of output>
Test time =   0.00 sec
----------------------------------------------------------
Test Passed.
"NetworkTest.Validate" end time: Jun 01 22:26 -03
"NetworkTest.Validate" time elapsed: 00:00:00
----------------------------------------------------------

12/17 Testing: NetworkTest.MeanSquaredError
12/17 Test: NetworkTest.MeanSquaredError
Command: "/home/brabo/Projetos/neural-network-cpp/bin/NeuralNetworkCppTest" "--gtest_filter=NetworkTest.MeanSquaredError"
Directory: /home/brabo/Projetos/neural-network-cpp
"NetworkTest.MeanSquaredError" start time: Jun 01 22:26 -03
Output:
----------------------------------------------------------
Note: Google Test filter = NetworkTest.MeanSquaredError
[==========] Running 0 tests from 0 test suites.
[==========] 0 tests from 0 test suites ran. (0 ms total)
[  PASSED  ] 0 tests.
<end of output>
Test time =   0.00 sec
----------------------------------------------------------
Test Passed.
"NetworkTest.MeanSquaredError" end time: Jun 01 22:26 -03
"NetworkTest.MeanSquaredError" time elapsed: 00:00:00
----------------------------------------------------------

13/17 Testing: NetworkTest.Train
13/17 Test: NetworkTest.Train
Command: "/home/brabo/Projetos/neural-network-cpp/bin/NeuralNetworkCppTest" "--gtest_filter=NetworkTest.Train"
Directory: /home/brabo/Projetos/neural-network-cpp
"NetworkTest.Train" start time: Jun 01 22:26 -03
Output:
----------------------------------------------------------
Note: Google Test filter = NetworkTest.Train
[==========] Running 0 tests from 0 test suites.
[==========] 0 tests from 0 test suites ran. (0 ms total)
[  PASSED  ] 0 tests.
<end of output>
Test time =   0.00 sec
----------------------------------------------------------
Test Passed.
"NetworkTest.Train" end time: Jun 01 22:26 -03
"NetworkTest.Train" time elapsed: 00:00:00
----------------------------------------------------------

14/17 Testing: NeuronTest.FeedForward
14/17 Test: NeuronTest.FeedForward
Command: "/home/brabo/Projetos/neural-network-cpp/bin/NeuralNetworkCppTest" "--gtest_filter=NeuronTest.FeedForward"
Directory: /home/brabo/Projetos/neural-network-cpp
"NeuronTest.FeedForward" start time: Jun 01 22:26 -03
Output:
----------------------------------------------------------
Note: Google Test filter = NeuronTest.FeedForward
[==========] Running 0 tests from 0 test suites.
[==========] 0 tests from 0 test suites ran. (0 ms total)
[  PASSED  ] 0 tests.
<end of output>
Test time =   0.00 sec
----------------------------------------------------------
Test Passed.
"NeuronTest.FeedForward" end time: Jun 01 22:26 -03
"NeuronTest.FeedForward" time elapsed: 00:00:00
----------------------------------------------------------

15/17 Testing: NeuronTest.AdjustWeights
15/17 Test: NeuronTest.AdjustWeights
Command: "/home/brabo/Projetos/neural-network-cpp/bin/NeuralNetworkCppTest" "--gtest_filter=NeuronTest.AdjustWeights"
Directory: /home/brabo/Projetos/neural-network-cpp
"NeuronTest.AdjustWeights" start time: Jun 01 22:26 -03
Output:
----------------------------------------------------------
Note: Google Test filter = NeuronTest.AdjustWeights
[==========] Running 0 tests from 0 test suites.
[==========] 0 tests from 0 test suites ran. (0 ms total)
[  PASSED  ] 0 tests.
<end of output>
Test time =   0.00 sec
----------------------------------------------------------
Test Passed.
"NeuronTest.AdjustWeights" end time: Jun 01 22:26 -03
"NeuronTest.AdjustWeights" time elapsed: 00:00:00
----------------------------------------------------------

16/17 Testing: PCATest.DimensionalityReduction
16/17 Test: PCATest.DimensionalityReduction
Command: "/home/brabo/Projetos/neural-network-cpp/bin/NeuralNetworkCppTest" "--gtest_filter=PCATest.DimensionalityReduction"
Directory: /home/brabo/Projetos/neural-network-cpp
"PCATest.DimensionalityReduction" start time: Jun 01 22:26 -03
Output:
----------------------------------------------------------
Note: Google Test filter = PCATest.DimensionalityReduction
[==========] Running 1 test from 1 test suite.
[----------] Global test environment set-up.
[----------] 1 test from PCATest
[ RUN      ] PCATest.DimensionalityReduction
Converting input to Eigen matrix...
Calculating transformation matrix...
Calculating covariance matrix...
Dimensões da matriz cov: 3 x 3
Calculating eigenvalues and eigenvectors...
Calculating principal components...
Applying transformation...
Converting output to vector of vectors...
[       OK ] PCATest.DimensionalityReduction (0 ms)
[----------] 1 test from PCATest (0 ms total)

[----------] Global test environment tear-down
[==========] 1 test from 1 test suite ran. (0 ms total)
[  PASSED  ] 1 test.
<end of output>
Test time =   0.00 sec
----------------------------------------------------------
Test Passed.
"PCATest.DimensionalityReduction" end time: Jun 01 22:26 -03
"PCATest.DimensionalityReduction" time elapsed: 00:00:00
----------------------------------------------------------

Unable to find executable: NeuralNetworkCppTest
17/17 Testing: NeuralNetworkCppTest
17/17 Test: NeuralNetworkCppTest
Command: ""
Directory: /home/brabo/Projetos/neural-network-cpp
"NeuralNetworkCppTest" start time: 
Output:
----------------------------------------------------------
<end of output>
Test time =   0.00 sec
----------------------------------------------------------
Test Passed.
"NeuralNetworkCppTest" end time: Jun 01 22:26 -03
"NeuralNetworkCppTest" time elapsed: 00:00:00
----------------------------------------------------------

End testing: Jun 01 22:26 -03
